2021-09-02 22:35:30,081 INFO o.a.j.u.JMeterUtils: Setting Locale to fr_FR
2021-09-02 22:35:30,094 INFO o.a.j.u.JMeterUtils: Could not find resources for 'fr_FR', using 'fr'
2021-09-02 22:35:30,095 INFO o.a.j.JMeter: Loading user properties from: user.properties
2021-09-02 22:35:30,095 INFO o.a.j.JMeter: Loading system properties from: system.properties
2021-09-02 22:35:30,095 INFO o.a.j.JMeter: Loading additional properties from: extra.properties
2021-09-02 22:35:30,096 WARN o.a.j.JMeter: Can't find additional property file: extra.properties
java.io.FileNotFoundException: extra.properties (Le fichier spécifié est introuvable)
	at java.io.FileInputStream.open0(Native Method) ~[?:1.8.0_241]
	at java.io.FileInputStream.open(FileInputStream.java:195) ~[?:1.8.0_241]
	at java.io.FileInputStream.<init>(FileInputStream.java:138) ~[?:1.8.0_241]
	at org.apache.jmeter.JMeter.initializeProperties(JMeter.java:867) [ApacheJMeter_core.jar:5.4.1]
	at org.apache.jmeter.JMeter.start(JMeter.java:474) [ApacheJMeter_core.jar:5.4.1]
	at sun.reflect.NativeMethodAccessorImpl.invoke0(Native Method) ~[?:1.8.0_241]
	at sun.reflect.NativeMethodAccessorImpl.invoke(NativeMethodAccessorImpl.java:62) ~[?:1.8.0_241]
	at sun.reflect.DelegatingMethodAccessorImpl.invoke(DelegatingMethodAccessorImpl.java:43) ~[?:1.8.0_241]
	at java.lang.reflect.Method.invoke(Method.java:498) ~[?:1.8.0_241]
	at org.apache.jmeter.NewDriver.main(NewDriver.java:254) [ApacheJMeter.jar:5.4.1]
2021-09-02 22:35:30,099 INFO o.a.j.JMeter: Setting JMeter property: jmeter.save.saveservice.output_format=xml
2021-09-02 22:35:30,099 INFO o.a.j.JMeter: Setting JMeter property: jmeter.save.saveservice.assertion_results=all
2021-09-02 22:35:30,099 INFO o.a.j.JMeter: Setting JMeter property: jmeter.save.saveservice.bytes=true
2021-09-02 22:35:30,099 INFO o.a.j.JMeter: Setting JMeter property: file_format.testlog=2.1
2021-09-02 22:35:30,099 INFO o.a.j.JMeter: Setting JMeter property: jmeter.save.saveservice.response_data.on_error=false
2021-09-02 22:35:30,107 INFO o.a.j.JMeter: Copyright (c) 1998-2021 The Apache Software Foundation
2021-09-02 22:35:30,107 INFO o.a.j.JMeter: Version 5.4.1
2021-09-02 22:35:30,107 INFO o.a.j.JMeter: java.version=1.8.0_241
2021-09-02 22:35:30,107 INFO o.a.j.JMeter: java.vm.name=Java HotSpot(TM) 64-Bit Server VM
2021-09-02 22:35:30,107 INFO o.a.j.JMeter: os.name=Windows 10
2021-09-02 22:35:30,107 INFO o.a.j.JMeter: os.arch=amd64
2021-09-02 22:35:30,107 INFO o.a.j.JMeter: os.version=10.0
2021-09-02 22:35:30,107 INFO o.a.j.JMeter: file.encoding=Cp1252
2021-09-02 22:35:30,107 INFO o.a.j.JMeter: java.awt.headless=true
2021-09-02 22:35:30,107 INFO o.a.j.JMeter: Max memory     =129761280
2021-09-02 22:35:30,107 INFO o.a.j.JMeter: Available Processors =8
2021-09-02 22:35:30,114 INFO o.a.j.JMeter: Default Locale=français (France)
2021-09-02 22:35:30,114 INFO o.a.j.JMeter: JMeter  Locale=français (France)
2021-09-02 22:35:30,115 INFO o.a.j.JMeter: JMeterHome=E:\LIBnourCLEANy\LIBnourCLEAN
2021-09-02 22:35:30,115 INFO o.a.j.JMeter: user.dir  =E:\LIBnourCLEANy\LIBnourCLEAN\bin
2021-09-02 22:35:30,115 INFO o.a.j.JMeter: PWD       =E:\LIBnourCLEANy\LIBnourCLEAN\bin
2021-09-02 22:35:34,728 INFO o.a.j.JMeter: IP: 192.168.211.1 Name: DESKTOP-IO9MP1C FullName: DESKTOP-IO9MP1C
2021-09-02 22:35:34,744 INFO o.a.j.s.FileServer: Default base='E:\LIBnourCLEANy\LIBnourCLEAN\bin'
2021-09-02 22:35:34,747 INFO o.a.j.s.FileServer: Set new base='E:\LIBnourCLEANy\LIBnourCLEAN\Nour2\test'
2021-09-02 22:35:34,891 INFO o.a.j.s.SaveService: Testplan (JMX) version: 2.2. Testlog (JTL) version: 2.2
2021-09-02 22:35:34,907 INFO o.a.j.s.SaveService: Using SaveService properties file encoding UTF-8
2021-09-02 22:35:34,910 INFO o.a.j.s.SaveService: Using SaveService properties version 5.0
2021-09-02 22:35:34,914 INFO o.a.j.s.SaveService: Loading file: E:\LIBnourCLEANy\LIBnourCLEAN\Nour2\test\ClientLogin.jmx
2021-09-02 22:35:34,947 INFO o.a.j.p.h.c.CookieManager: Settings: Delete null: true Check: true Allow variable: true Save: false Prefix: COOKIE_
2021-09-02 22:35:34,963 INFO o.a.j.p.h.s.HTTPSamplerBase: Parser for text/html is org.apache.jmeter.protocol.http.parser.LagartoBasedHtmlParser
2021-09-02 22:35:34,963 INFO o.a.j.p.h.s.HTTPSamplerBase: Parser for application/xhtml+xml is org.apache.jmeter.protocol.http.parser.LagartoBasedHtmlParser
2021-09-02 22:35:34,963 INFO o.a.j.p.h.s.HTTPSamplerBase: Parser for application/xml is org.apache.jmeter.protocol.http.parser.LagartoBasedHtmlParser
2021-09-02 22:35:34,963 INFO o.a.j.p.h.s.HTTPSamplerBase: Parser for text/xml is org.apache.jmeter.protocol.http.parser.LagartoBasedHtmlParser
2021-09-02 22:35:34,963 INFO o.a.j.p.h.s.HTTPSamplerBase: Parser for text/vnd.wap.wml is org.apache.jmeter.protocol.http.parser.RegexpHTMLParser
2021-09-02 22:35:34,964 INFO o.a.j.p.h.s.HTTPSamplerBase: Parser for text/css is org.apache.jmeter.protocol.http.parser.CssParser
2021-09-02 22:35:35,042 INFO o.a.j.JMeter: Creating summariser <summary>
2021-09-02 22:35:35,048 INFO o.a.j.e.StandardJMeterEngine: Running the test!
2021-09-02 22:35:35,048 INFO o.a.j.s.SampleEvent: List of sample_variables: []
2021-09-02 22:35:35,048 INFO o.a.j.s.SampleEvent: List of sample_variables: []
2021-09-02 22:35:35,053 INFO o.a.j.e.u.CompoundVariable: Note: Function class names must contain the string: '.functions.'
2021-09-02 22:35:35,054 INFO o.a.j.e.u.CompoundVariable: Note: Function class names must not contain the string: '.gui.'
2021-09-02 22:35:35,326 INFO o.a.j.JMeter: Lancer test (1630618535325)
2021-09-02 22:35:35,363 INFO o.a.j.e.StandardJMeterEngine: Starting ThreadGroup: 1 : Thread Group
2021-09-02 22:35:35,363 INFO o.a.j.e.StandardJMeterEngine: Starting 50 threads for group Thread Group.
2021-09-02 22:35:35,363 INFO o.a.j.e.StandardJMeterEngine: Thread will continue on error
2021-09-02 22:35:35,363 INFO o.a.j.t.ThreadGroup: Starting thread group... number=1 threads=50 ramp-up=1 delayedStart=false
2021-09-02 22:35:35,375 INFO o.a.j.t.JMeterThread: Thread started: Thread Group 1-1
2021-09-02 22:35:35,388 INFO o.a.j.p.h.s.HTTPJavaImpl: Maximum connection retries = 0
2021-09-02 22:35:35,389 INFO o.a.j.s.SampleResult: Note: Sample TimeStamps are START times
2021-09-02 22:35:35,389 INFO o.a.j.t.JMeterThread: Thread started: Thread Group 1-2
2021-09-02 22:35:35,389 INFO o.a.j.s.SampleResult: sampleresult.default.encoding is set to ISO-8859-1
2021-09-02 22:35:35,389 INFO o.a.j.s.SampleResult: sampleresult.useNanoTime=true
2021-09-02 22:35:35,389 INFO o.a.j.s.SampleResult: sampleresult.nanoThreadSleep=5000
2021-09-02 22:35:35,410 INFO o.a.j.t.JMeterThread: Thread started: Thread Group 1-3
2021-09-02 22:35:35,446 INFO o.a.j.t.JMeterThread: Thread started: Thread Group 1-4
2021-09-02 22:35:35,446 INFO o.a.j.t.JMeterThread: Thread started: Thread Group 1-5
2021-09-02 22:35:35,451 INFO o.a.j.t.ThreadGroup: Started thread group number 1
2021-09-02 22:35:35,451 INFO o.a.j.e.StandardJMeterEngine: All thread groups have been started
2021-09-02 22:35:35,468 INFO o.a.j.t.JMeterThread: Thread started: Thread Group 1-6
2021-09-02 22:35:35,488 INFO o.a.j.t.JMeterThread: Thread started: Thread Group 1-7
2021-09-02 22:35:35,506 INFO o.a.j.t.JMeterThread: Thread started: Thread Group 1-8
2021-09-02 22:35:35,526 INFO o.a.j.t.JMeterThread: Thread started: Thread Group 1-9
2021-09-02 22:35:35,546 INFO o.a.j.t.JMeterThread: Thread started: Thread Group 1-10
2021-09-02 22:35:35,567 INFO o.a.j.t.JMeterThread: Thread started: Thread Group 1-11
2021-09-02 22:35:35,586 INFO o.a.j.t.JMeterThread: Thread started: Thread Group 1-12
2021-09-02 22:35:35,606 INFO o.a.j.t.JMeterThread: Thread started: Thread Group 1-13
2021-09-02 22:35:35,626 INFO o.a.j.t.JMeterThread: Thread started: Thread Group 1-14
2021-09-02 22:35:35,645 INFO o.a.j.t.JMeterThread: Thread started: Thread Group 1-15
2021-09-02 22:35:35,665 INFO o.a.j.t.JMeterThread: Thread started: Thread Group 1-16
2021-09-02 22:35:35,685 INFO o.a.j.t.JMeterThread: Thread started: Thread Group 1-17
2021-09-02 22:35:35,706 INFO o.a.j.t.JMeterThread: Thread started: Thread Group 1-18
2021-09-02 22:35:35,725 INFO o.a.j.t.JMeterThread: Thread started: Thread Group 1-19
2021-09-02 22:35:35,745 INFO o.a.j.t.JMeterThread: Thread started: Thread Group 1-20
2021-09-02 22:35:35,765 INFO o.a.j.t.JMeterThread: Thread started: Thread Group 1-21
2021-09-02 22:35:35,785 INFO o.a.j.t.JMeterThread: Thread started: Thread Group 1-22
2021-09-02 22:35:35,805 INFO o.a.j.t.JMeterThread: Thread started: Thread Group 1-23
2021-09-02 22:35:35,826 INFO o.a.j.t.JMeterThread: Thread started: Thread Group 1-24
2021-09-02 22:35:35,845 INFO o.a.j.t.JMeterThread: Thread started: Thread Group 1-25
2021-09-02 22:35:35,866 INFO o.a.j.t.JMeterThread: Thread started: Thread Group 1-26
2021-09-02 22:35:35,885 INFO o.a.j.t.JMeterThread: Thread started: Thread Group 1-27
2021-09-02 22:35:35,906 INFO o.a.j.t.JMeterThread: Thread started: Thread Group 1-28
2021-09-02 22:35:35,926 INFO o.a.j.t.JMeterThread: Thread started: Thread Group 1-29
2021-09-02 22:35:35,944 INFO o.a.j.t.JMeterThread: Thread started: Thread Group 1-30
2021-09-02 22:35:35,965 INFO o.a.j.t.JMeterThread: Thread started: Thread Group 1-31
2021-09-02 22:35:35,985 INFO o.a.j.t.JMeterThread: Thread started: Thread Group 1-32
2021-09-02 22:35:36,006 INFO o.a.j.t.JMeterThread: Thread started: Thread Group 1-33
2021-09-02 22:35:36,025 INFO o.a.j.t.JMeterThread: Thread started: Thread Group 1-34
2021-09-02 22:35:36,045 INFO o.a.j.t.JMeterThread: Thread started: Thread Group 1-35
2021-09-02 22:35:36,065 INFO o.a.j.t.JMeterThread: Thread started: Thread Group 1-36
2021-09-02 22:35:36,085 INFO o.a.j.t.JMeterThread: Thread started: Thread Group 1-37
2021-09-02 22:35:36,105 INFO o.a.j.t.JMeterThread: Thread started: Thread Group 1-38
2021-09-02 22:35:36,125 INFO o.a.j.t.JMeterThread: Thread started: Thread Group 1-39
2021-09-02 22:35:36,145 INFO o.a.j.t.JMeterThread: Thread started: Thread Group 1-40
2021-09-02 22:35:36,183 INFO o.a.j.t.JMeterThread: Thread started: Thread Group 1-41
2021-09-02 22:35:36,203 INFO o.a.j.t.JMeterThread: Thread started: Thread Group 1-42
2021-09-02 22:35:36,206 INFO o.a.j.t.JMeterThread: Thread started: Thread Group 1-43
2021-09-02 22:35:36,225 INFO o.a.j.t.JMeterThread: Thread started: Thread Group 1-44
2021-09-02 22:35:36,245 INFO o.a.j.t.JMeterThread: Thread started: Thread Group 1-45
2021-09-02 22:35:36,264 INFO o.a.j.t.JMeterThread: Thread started: Thread Group 1-46
2021-09-02 22:35:36,284 INFO o.a.j.t.JMeterThread: Thread started: Thread Group 1-47
2021-09-02 22:35:36,305 INFO o.a.j.t.JMeterThread: Thread started: Thread Group 1-48
2021-09-02 22:35:36,325 INFO o.a.j.t.JMeterThread: Thread started: Thread Group 1-49
2021-09-02 22:35:36,345 INFO o.a.j.t.JMeterThread: Thread started: Thread Group 1-50
2021-09-02 22:37:00,012 INFO o.a.j.r.Summariser: summary +    182 in 00:01:25 =    2,1/s Avg: 21004 Min: 21001 Max: 21017 Err:   182 (100,00%) Active: 50 Started: 50 Finished: 0
2021-09-02 22:38:02,469 INFO o.a.j.r.Summariser: summary +    119 in 00:01:02 =    1,9/s Avg: 21004 Min: 21002 Max: 21011 Err:   119 (100,00%) Active: 50 Started: 50 Finished: 0
2021-09-02 22:38:02,479 INFO o.a.j.r.Summariser: summary =    301 in 00:02:27 =    2,0/s Avg: 21004 Min: 21001 Max: 21017 Err:   301 (100,00%)
2021-09-02 22:38:23,475 INFO o.a.j.t.JMeterThread: Thread is done: Thread Group 1-1
2021-09-02 22:38:23,475 INFO o.a.j.t.JMeterThread: Thread finished: Thread Group 1-1
2021-09-02 22:38:23,479 INFO o.a.j.t.JMeterThread: Thread is done: Thread Group 1-2
2021-09-02 22:38:23,479 INFO o.a.j.t.JMeterThread: Thread finished: Thread Group 1-2
2021-09-02 22:38:23,485 INFO o.a.j.t.JMeterThread: Thread is done: Thread Group 1-3
2021-09-02 22:38:23,486 INFO o.a.j.t.JMeterThread: Thread finished: Thread Group 1-3
2021-09-02 22:38:23,490 INFO o.a.j.t.JMeterThread: Thread is done: Thread Group 1-5
2021-09-02 22:38:23,491 INFO o.a.j.t.JMeterThread: Thread finished: Thread Group 1-5
2021-09-02 22:38:23,492 INFO o.a.j.t.JMeterThread: Thread is done: Thread Group 1-4
2021-09-02 22:38:23,492 INFO o.a.j.t.JMeterThread: Thread finished: Thread Group 1-4
2021-09-02 22:38:23,518 INFO o.a.j.t.JMeterThread: Thread is done: Thread Group 1-6
2021-09-02 22:38:23,519 INFO o.a.j.t.JMeterThread: Thread finished: Thread Group 1-6
2021-09-02 22:38:23,534 INFO o.a.j.t.JMeterThread: Thread is done: Thread Group 1-7
2021-09-02 22:38:23,534 INFO o.a.j.t.JMeterThread: Thread finished: Thread Group 1-7
2021-09-02 22:38:23,546 INFO o.a.j.t.JMeterThread: Thread is done: Thread Group 1-8
2021-09-02 22:38:23,547 INFO o.a.j.t.JMeterThread: Thread finished: Thread Group 1-8
2021-09-02 22:38:23,574 INFO o.a.j.t.JMeterThread: Thread is done: Thread Group 1-9
2021-09-02 22:38:23,574 INFO o.a.j.t.JMeterThread: Thread finished: Thread Group 1-9
2021-09-02 22:38:23,589 INFO o.a.j.t.JMeterThread: Thread is done: Thread Group 1-10
2021-09-02 22:38:23,589 INFO o.a.j.t.JMeterThread: Thread finished: Thread Group 1-10
2021-09-02 22:38:23,614 INFO o.a.j.t.JMeterThread: Thread is done: Thread Group 1-11
2021-09-02 22:38:23,614 INFO o.a.j.t.JMeterThread: Thread finished: Thread Group 1-11
2021-09-02 22:38:23,625 INFO o.a.j.t.JMeterThread: Thread is done: Thread Group 1-12
2021-09-02 22:38:23,625 INFO o.a.j.t.JMeterThread: Thread finished: Thread Group 1-12
2021-09-02 22:38:23,649 INFO o.a.j.t.JMeterThread: Thread is done: Thread Group 1-13
2021-09-02 22:38:23,649 INFO o.a.j.t.JMeterThread: Thread finished: Thread Group 1-13
2021-09-02 22:38:23,664 INFO o.a.j.t.JMeterThread: Thread is done: Thread Group 1-14
2021-09-02 22:38:23,664 INFO o.a.j.t.JMeterThread: Thread finished: Thread Group 1-14
2021-09-02 22:38:23,687 INFO o.a.j.t.JMeterThread: Thread is done: Thread Group 1-15
2021-09-02 22:38:23,687 INFO o.a.j.t.JMeterThread: Thread finished: Thread Group 1-15
2021-09-02 22:38:23,718 INFO o.a.j.t.JMeterThread: Thread is done: Thread Group 1-16
2021-09-02 22:38:23,718 INFO o.a.j.t.JMeterThread: Thread finished: Thread Group 1-16
2021-09-02 22:38:23,733 INFO o.a.j.t.JMeterThread: Thread is done: Thread Group 1-17
2021-09-02 22:38:23,733 INFO o.a.j.t.JMeterThread: Thread finished: Thread Group 1-17
2021-09-02 22:38:23,743 INFO o.a.j.t.JMeterThread: Thread is done: Thread Group 1-18
2021-09-02 22:38:23,743 INFO o.a.j.t.JMeterThread: Thread finished: Thread Group 1-18
2021-09-02 22:38:23,774 INFO o.a.j.t.JMeterThread: Thread is done: Thread Group 1-19
2021-09-02 22:38:23,774 INFO o.a.j.t.JMeterThread: Thread finished: Thread Group 1-19
2021-09-02 22:38:23,802 INFO o.a.j.t.JMeterThread: Thread is done: Thread Group 1-20
2021-09-02 22:38:23,802 INFO o.a.j.t.JMeterThread: Thread finished: Thread Group 1-20
2021-09-02 22:38:23,813 INFO o.a.j.t.JMeterThread: Thread is done: Thread Group 1-21
2021-09-02 22:38:23,813 INFO o.a.j.t.JMeterThread: Thread finished: Thread Group 1-21
2021-09-02 22:38:23,827 INFO o.a.j.t.JMeterThread: Thread is done: Thread Group 1-22
2021-09-02 22:38:23,827 INFO o.a.j.t.JMeterThread: Thread finished: Thread Group 1-22
2021-09-02 22:38:23,854 INFO o.a.j.t.JMeterThread: Thread is done: Thread Group 1-23
2021-09-02 22:38:23,854 INFO o.a.j.t.JMeterThread: Thread finished: Thread Group 1-23
2021-09-02 22:38:23,860 INFO o.a.j.t.JMeterThread: Thread is done: Thread Group 1-24
2021-09-02 22:38:23,860 INFO o.a.j.t.JMeterThread: Thread finished: Thread Group 1-24
2021-09-02 22:38:23,886 INFO o.a.j.t.JMeterThread: Thread is done: Thread Group 1-25
2021-09-02 22:38:23,886 INFO o.a.j.t.JMeterThread: Thread finished: Thread Group 1-25
2021-09-02 22:38:23,911 INFO o.a.j.t.JMeterThread: Thread is done: Thread Group 1-26
2021-09-02 22:38:23,911 INFO o.a.j.t.JMeterThread: Thread finished: Thread Group 1-26
2021-09-02 22:38:23,930 INFO o.a.j.t.JMeterThread: Thread is done: Thread Group 1-27
2021-09-02 22:38:23,930 INFO o.a.j.t.JMeterThread: Thread finished: Thread Group 1-27
2021-09-02 22:38:23,953 INFO o.a.j.t.JMeterThread: Thread is done: Thread Group 1-28
2021-09-02 22:38:23,953 INFO o.a.j.t.JMeterThread: Thread finished: Thread Group 1-28
2021-09-02 22:38:23,971 INFO o.a.j.t.JMeterThread: Thread is done: Thread Group 1-29
2021-09-02 22:38:23,971 INFO o.a.j.t.JMeterThread: Thread finished: Thread Group 1-29
2021-09-02 22:38:23,996 INFO o.a.j.t.JMeterThread: Thread is done: Thread Group 1-30
2021-09-02 22:38:23,996 INFO o.a.j.t.JMeterThread: Thread finished: Thread Group 1-30
2021-09-02 22:38:24,012 INFO o.a.j.t.JMeterThread: Thread is done: Thread Group 1-31
2021-09-02 22:38:24,012 INFO o.a.j.t.JMeterThread: Thread finished: Thread Group 1-31
2021-09-02 22:38:24,037 INFO o.a.j.t.JMeterThread: Thread is done: Thread Group 1-32
2021-09-02 22:38:24,037 INFO o.a.j.t.JMeterThread: Thread finished: Thread Group 1-32
2021-09-02 22:38:24,047 INFO o.a.j.t.JMeterThread: Thread is done: Thread Group 1-33
2021-09-02 22:38:24,047 INFO o.a.j.t.JMeterThread: Thread finished: Thread Group 1-33
2021-09-02 22:38:24,081 INFO o.a.j.t.JMeterThread: Thread is done: Thread Group 1-34
2021-09-02 22:38:24,081 INFO o.a.j.t.JMeterThread: Thread finished: Thread Group 1-34
2021-09-02 22:38:24,089 INFO o.a.j.t.JMeterThread: Thread is done: Thread Group 1-35
2021-09-02 22:38:24,089 INFO o.a.j.t.JMeterThread: Thread finished: Thread Group 1-35
2021-09-02 22:38:24,109 INFO o.a.j.t.JMeterThread: Thread is done: Thread Group 1-36
2021-09-02 22:38:24,109 INFO o.a.j.t.JMeterThread: Thread finished: Thread Group 1-36
2021-09-02 22:38:24,136 INFO o.a.j.t.JMeterThread: Thread is done: Thread Group 1-37
2021-09-02 22:38:24,136 INFO o.a.j.t.JMeterThread: Thread finished: Thread Group 1-37
2021-09-02 22:38:24,142 INFO o.a.j.t.JMeterThread: Thread is done: Thread Group 1-38
2021-09-02 22:38:24,142 INFO o.a.j.t.JMeterThread: Thread finished: Thread Group 1-38
2021-09-02 22:38:24,186 INFO o.a.j.t.JMeterThread: Thread is done: Thread Group 1-40
2021-09-02 22:38:24,187 INFO o.a.j.t.JMeterThread: Thread finished: Thread Group 1-40
2021-09-02 22:38:24,195 INFO o.a.j.t.JMeterThread: Thread is done: Thread Group 1-39
2021-09-02 22:38:24,195 INFO o.a.j.t.JMeterThread: Thread finished: Thread Group 1-39
2021-09-02 22:38:24,229 INFO o.a.j.t.JMeterThread: Thread is done: Thread Group 1-41
2021-09-02 22:38:24,230 INFO o.a.j.t.JMeterThread: Thread finished: Thread Group 1-41
2021-09-02 22:38:24,253 INFO o.a.j.t.JMeterThread: Thread is done: Thread Group 1-43
2021-09-02 22:38:24,253 INFO o.a.j.t.JMeterThread: Thread finished: Thread Group 1-43
2021-09-02 22:38:24,256 INFO o.a.j.t.JMeterThread: Thread is done: Thread Group 1-42
2021-09-02 22:38:24,256 INFO o.a.j.t.JMeterThread: Thread finished: Thread Group 1-42
2021-09-02 22:38:24,266 INFO o.a.j.t.JMeterThread: Thread is done: Thread Group 1-44
2021-09-02 22:38:24,266 INFO o.a.j.t.JMeterThread: Thread finished: Thread Group 1-44
2021-09-02 22:38:24,290 INFO o.a.j.t.JMeterThread: Thread is done: Thread Group 1-45
2021-09-02 22:38:24,290 INFO o.a.j.t.JMeterThread: Thread finished: Thread Group 1-45
2021-09-02 22:38:24,302 INFO o.a.j.t.JMeterThread: Thread is done: Thread Group 1-46
2021-09-02 22:38:24,302 INFO o.a.j.t.JMeterThread: Thread finished: Thread Group 1-46
2021-09-02 22:38:24,334 INFO o.a.j.t.JMeterThread: Thread is done: Thread Group 1-47
2021-09-02 22:38:24,334 INFO o.a.j.t.JMeterThread: Thread finished: Thread Group 1-47
2021-09-02 22:38:24,343 INFO o.a.j.t.JMeterThread: Thread is done: Thread Group 1-48
2021-09-02 22:38:24,343 INFO o.a.j.t.JMeterThread: Thread finished: Thread Group 1-48
2021-09-02 22:38:24,460 INFO o.a.j.t.JMeterThread: Thread is done: Thread Group 1-50
2021-09-02 22:38:24,460 INFO o.a.j.t.JMeterThread: Thread finished: Thread Group 1-50
2021-09-02 22:38:24,460 INFO o.a.j.t.JMeterThread: Thread is done: Thread Group 1-49
2021-09-02 22:38:24,460 INFO o.a.j.t.JMeterThread: Thread finished: Thread Group 1-49
2021-09-02 22:38:24,461 INFO o.a.j.e.StandardJMeterEngine: Notifying test listeners of end of test
2021-09-02 22:38:24,462 INFO o.a.j.r.Summariser: summary +     99 in 00:00:22 =    4,5/s Avg: 21006 Min: 21001 Max: 21099 Err:    99 (100,00%) Active: 0 Started: 50 Finished: 50
2021-09-02 22:38:24,462 INFO o.a.j.r.Summariser: summary =    400 in 00:02:49 =    2,4/s Avg: 21005 Min: 21001 Max: 21099 Err:   400 (100,00%)
